WELCOME TO NANOMODELER

Importing sys library...
Importing numpy library...
Importing random library...
Importing math library...
Importing scipy library...
Importing sklearn library...
Importing os library...
Importing shutil library...
Importing tempfile...
Importing zipfile...
Importing atexit library...
Importing re library...
Importing pickle library...
Importing subprocess library...
Importing signal library...
Importing traceback library...
Importing datetime library...
Importing acpype.py...
Importing NP_builder dependency...
Importing staples dependency...
Importing default function dependency...
Importing transformations dependency...
Importing subunits dependency...
Importing rewrite_mol2 dependency...
Importing cleanup dependency...

Creating temporary folder...
Checking input options...
Imported options:
	LIG1_FILE           ../../MIDFILES/L1/L1.mol2
	CAP1                                  []
	LIG1_C                                28
	LIG1_S                                 0
	LIG1_FRAC                            1.0
	MORPHOLOGY                        random
	RSEED                                666
	STRIPES                                4
	LIG2_FILE                           None
	CAP2                                  []
	LIG2_C                                 0
	LIG2_S                                 0
	FRCMOD                              None
	CORE                CORES-NanoModeler/au144SR60_NM.pdb
	ELONGATED                          False

One ligand was found...
Checking ligand1 mol2 file...
	37 atoms were found in the mol2 file...
	Checking if columns 3, 4, and 5 correspond to floating numbers...
	Checking if there is only one residue in the input structure...
Rewriting ligand1 file...
	No capping atoms were found...
	Reading @<TRIPOS>MOLECULE section...
	Reading @<TRIPOS>ATOM section...
	Reading @<TRIPOS>BOND section...
	The capping group has a total charge of 0.000...
	A charge of 0.000 will be added to all atoms in the ligand...
	Writing @<TRIPOS>MOLECULE section...
	Writing @<TRIPOS>ATOM section...
	Writing @<TRIPOS>BOND section...
	Writing @<TRIPOS>SUBSTRUCTURE section...
Initializing core...
Initializing ligand1...
Running PCA for ligand1...
	PCA1 explains: 93.9% of the points' variance...
	Consider this is a measure on how linear the input ligand is. The lower this value, the more likely it will be to get clashes in the final structure.
Assigning morphology...
	Assigning a random distribution of the ligands...
	The nanoparticle will have 60 of ligand 1...
	The nanoparticle will have 0 of ligand 2...
Coating nanoparticle...
	Placing ligand 1 around the core...
Writing pdb of the coated nanoparticle...
Running parmchk2 for ligand1...
Checking parameters for ligand1...
Writing tleap input file...
Running tleap...
Running acpype...
Reading gro file of the coated nanoparticle...
Reading top file of the unlinked nanoparticle...
Looking for anchoring carbon atoms for ligand1...
Writing bonds parameters...
Writing angles parameters...
Writing final topology file...
Compressing final files...
Cleaning...
"Senoras y senores, bienvenidos al party, agarren a su pareja (de la cintura) y preparense porque lo que viene no esta facil, no esta facil no."
	Ivy Queen.
NanoModeler terminated normally. Que gracias.

